#! /usr/bin/vvp
:ivl_version "0.9.7 " "(v0_9_7)";
:vpi_time_precision - 9;
:vpi_module "system";
:vpi_module "v2005_math";
:vpi_module "va_math";
S_0x20e7730 .scope module, "t_Full_Adder" "t_Full_Adder" 2 8;
 .timescale -9 -9;
v0x212f390_0 .var "a", 0 0;
v0x212f430_0 .var "b", 0 0;
v0x212f4e0_0 .var "ci", 0 0;
v0x212f590_0 .net "cout", 0 0, L_0x212f720; 1 drivers
v0x212f670_0 .net "sum", 0 0, L_0x212f7c0; 1 drivers
S_0x20e7820 .scope module, "FA_1" "Full_Adder" 2 13, 3 1, S_0x20e7730;
 .timescale 0 0;
v0x211cba0_0 .net *"_s10", 0 0, C4<0>; 1 drivers
v0x212eaa0_0 .net *"_s11", 1 0, L_0x212fbc0; 1 drivers
v0x212eb40_0 .net *"_s13", 1 0, L_0x212fdd0; 1 drivers
v0x212ebe0_0 .net *"_s16", 0 0, C4<0>; 1 drivers
v0x212ec90_0 .net *"_s17", 1 0, L_0x212ff90; 1 drivers
v0x212ed30_0 .net *"_s3", 1 0, L_0x212f900; 1 drivers
v0x212ee10_0 .net *"_s6", 0 0, C4<0>; 1 drivers
v0x212eeb0_0 .net *"_s7", 1 0, L_0x212fa40; 1 drivers
v0x212efa0_0 .net "a", 0 0, v0x212f390_0; 1 drivers
v0x212f040_0 .net "b", 0 0, v0x212f430_0; 1 drivers
v0x212f140_0 .net "ci", 0 0, v0x212f4e0_0; 1 drivers
v0x212f1e0_0 .alias "cout", 0 0, v0x212f590_0;
v0x212f2f0_0 .alias "sum", 0 0, v0x212f670_0;
L_0x212f720 .part L_0x212ff90, 1, 1;
L_0x212f7c0 .part L_0x212ff90, 0, 1;
L_0x212f900 .concat [ 1 1 0 0], v0x212f390_0, C4<0>;
L_0x212fa40 .concat [ 1 1 0 0], v0x212f430_0, C4<0>;
L_0x212fbc0 .arith/sum 2, L_0x212f900, L_0x212fa40;
L_0x212fdd0 .concat [ 1 1 0 0], v0x212f4e0_0, C4<0>;
L_0x212ff90 .arith/sum 2, L_0x212fbc0, L_0x212fdd0;
    .scope S_0x20e7730;
T_0 ;
    %set/v v0x212f390_0, 0, 1;
    %set/v v0x212f430_0, 0, 1;
    %set/v v0x212f4e0_0, 0, 1;
    %vpi_call 2 21 "$dumpfile", "file_name.vcd";
    %vpi_call 2 22 "$dumpvars";
    %vpi_call 2 24 "$monitor", "Time %8d ns, a=%d b=%d ci=%d sum=%d cout=%d", $time, v0x212f390_0, v0x212f430_0, v0x212f4e0_0, v0x212f670_0, v0x212f590_0;
    %end;
    .thread T_0;
    .scope S_0x20e7730;
T_1 ;
    %delay 50, 0;
    %load/v 8, v0x212f390_0, 1;
    %mov 9, 0, 31;
    %addi 8, 1, 32;
    %set/v v0x212f390_0, 8, 1;
    %jmp T_1;
    .thread T_1;
    .scope S_0x20e7730;
T_2 ;
    %delay 100, 0;
    %load/v 8, v0x212f430_0, 1;
    %mov 9, 0, 31;
    %addi 8, 1, 32;
    %set/v v0x212f430_0, 8, 1;
    %jmp T_2;
    .thread T_2;
    .scope S_0x20e7730;
T_3 ;
    %delay 200, 0;
    %load/v 8, v0x212f4e0_0, 1;
    %mov 9, 0, 31;
    %addi 8, 1, 32;
    %set/v v0x212f4e0_0, 8, 1;
    %jmp T_3;
    .thread T_3;
# The file index is used to find the file name in the following table.
:file_names 4;
    "N/A";
    "<interactive>";
    "t_Full_Adder.v";
    "Full_Adder.v";
